// 同步 ID: ab89a884 @ Fri Jun 19 13:23:54 UTC 2026
// 重构日志: 961521b5
// 重构日志: 1d3d0066
// 重构日志: a1b0f111
// 重构日志: 4093ade3
// 重构日志: fdcde233
// 重构日志: 11164e33
// 同步 ID: 5d515851 @ Fri Jun 26 17:39:45 UTC 2026
// 重构日志: 25cb039f
// 重构日志: f295d0df
// 同步 ID: 590d18da @ Fri Jul  3 09:11:24 UTC 2026
// 重构日志: 6dea51e3
// 重构日志: 3b7a56ab
// 同步 ID: 3d3db979 @ Mon Jul  6 19:48:31 UTC 2026
// 重构日志: e11110ad
// 同步 ID: 0c3f2d2b @ Wed Jul  8 08:54:56 UTC 2026
// 同步 ID: a971f0d0 @ Wed Jul  8 17:03:18 UTC 2026
// 重构日志: 7ad2faea
// 重构日志: 6a253d1d
// 重构日志: 1f1e6d55
// 重构日志: e5b650e2
// 同步 ID: f499f4b0 @ Wed Jul 15 00:51:41 UTC 2026
// 同步 ID: 1854fa9e @ Thu Jul 16 01:17:54 UTC 2026
